<?xml version="1.0" encoding="UTF-8" ?>
<testsuite failures="0" time="0.697" errors="0" skipped="0" tests="47" name="org.apache.tika.mime.TestMimeTypes">
  <properties>
[...]
</properties>
  <testcase time="0.031" classname="org.apache.tika.mime.TestMimeTypes" name="testGetMimeType_byteArray"/>
  <testcase time="0.016" classname="org.apache.tika.mime.TestMimeTypes" name="testFontDetection"/>
  <testcase time="0.016" classname="org.apache.tika.mime.TestMimeTypes" name="testKMLZDetection"/>
  <testcase time="0.015" classname="org.apache.tika.mime.TestMimeTypes" name="testWmfDetection"/>
  <testcase time="0" classname="org.apache.tika.mime.TestMimeTypes" name="testprtDetection"/>
  <testcase time="0.016" classname="org.apache.tika.mime.TestMimeTypes" name="testPnmDetection"/>
  <testcase time="0.016" classname="org.apache.tika.mime.TestMimeTypes" name="testJpegDetection"/>
  <testcase time="0.046" classname="org.apache.tika.mime.TestMimeTypes" name="testSvgDetection"/>
  <testcase time="0" classname="org.apache.tika.mime.TestMimeTypes" name="testLoadMimeTypes"/>
  <testcase time="0.016" classname="org.apache.tika.mime.TestMimeTypes" name="testAMR"/>
  <testcase time="0.016" classname="org.apache.tika.mime.TestMimeTypes" name="testGuessMimeTypes"/>
  <testcase time="0" classname="org.apache.tika.mime.TestMimeTypes" name="testRawDetection"/>
  <testcase time="0.031" classname="org.apache.tika.mime.TestMimeTypes" name="testArchiveDetection"/>
  <testcase time="0.062" classname="org.apache.tika.mime.TestMimeTypes" name="testDITADetection"/>
  <testcase time="0.016" classname="org.apache.tika.mime.TestMimeTypes" name="testEmlx"/>
  <testcase time="0" classname="org.apache.tika.mime.TestMimeTypes" name="testPsDetection"/>
  <testcase time="0.016" classname="org.apache.tika.mime.TestMimeTypes" name="testAxCrypt"/>
  <testcase time="0.031" classname="org.apache.tika.mime.TestMimeTypes" name="testFeedsDetection"/>
  <testcase time="0" classname="org.apache.tika.mime.TestMimeTypes" name="testGifDetection"/>
  <testcase time="0.016" classname="org.apache.tika.mime.TestMimeTypes" name="testDwgDetection"/>
  <testcase time="0.015" classname="org.apache.tika.mime.TestMimeTypes" name="testWebMDetection"/>
  <testcase time="0.016" classname="org.apache.tika.mime.TestMimeTypes" name="testFitsDetection"/>
  <testcase time="0" classname="org.apache.tika.mime.TestMimeTypes" name="testPngDetection"/>
  <testcase time="0.015" classname="org.apache.tika.mime.TestMimeTypes" name="testMicrosoftMultiMediaDetection"/>
  <testcase time="0" classname="org.apache.tika.mime.TestMimeTypes" name="testJavaRegex"/>
  <testcase time="0.047" classname="org.apache.tika.mime.TestMimeTypes" name="testStarOfficeDetection"/>
  <testcase time="0" classname="org.apache.tika.mime.TestMimeTypes" name="testCaseSensitivity"/>
  <testcase time="0.016" classname="org.apache.tika.mime.TestMimeTypes" name="testOLE2Detection"/>
  <testcase time="0.016" classname="org.apache.tika.mime.TestMimeTypes" name="testPdfDetection"/>
  <testcase time="0.015" classname="org.apache.tika.mime.TestMimeTypes" name="testOoxmlDetection"/>
  <testcase time="0.016" classname="org.apache.tika.mime.TestMimeTypes" name="testOldWorksWordProcessorDetection"/>
  <testcase time="0" classname="org.apache.tika.mime.TestMimeTypes" name="testCgmDetection"/>
  <testcase time="0" classname="org.apache.tika.mime.TestMimeTypes" name="test7ZipDetection"/>
  <testcase time="0.025" classname="org.apache.tika.mime.TestMimeTypes" name="testIWorkDetection"/>
  <testcase time="0.017" classname="org.apache.tika.mime.TestMimeTypes" name="testTextBasedFormatsDetection"/>
  <testcase time="0.01" classname="org.apache.tika.mime.TestMimeTypes" name="testPictDetection"/>
  <testcase time="0.006" classname="org.apache.tika.mime.TestMimeTypes" name="testSwfDetection"/>
  <testcase time="0.012" classname="org.apache.tika.mime.TestMimeTypes" name="testCreativeSuite"/>
  <testcase time="0.012" classname="org.apache.tika.mime.TestMimeTypes" name="testMatroskaDetection"/>
  <testcase time="0.008" classname="org.apache.tika.mime.TestMimeTypes" name="testWorksSpreadsheetDetection"/>
  <testcase time="0.01" classname="org.apache.tika.mime.TestMimeTypes" name="testJavaDetection"/>
  <testcase time="0.009" classname="org.apache.tika.mime.TestMimeTypes" name="testWebArchiveDetection"/>
  <testcase time="0.01" classname="org.apache.tika.mime.TestMimeTypes" name="testTiffDetection"/>
  <testcase time="0.006" classname="org.apache.tika.mime.TestMimeTypes" name="testRdfXmlDetection"/>
  <testcase time="0.036" classname="org.apache.tika.mime.TestMimeTypes" name="testMimeDeterminationForTestDocuments"/>
  <testcase time="0.009" classname="org.apache.tika.mime.TestMimeTypes" name="testGroupWiseEml"/>
  <testcase time="0.011" classname="org.apache.tika.mime.TestMimeTypes" name="testBmpDetection"/>
</testsuite>